  IndexBuffer.cpp
  main.cpp
d:\inf\projekty\opengl\gkom_suwnica\gkom_suwnica\gkom_suwnica\main.cpp(217): warning C4244: "inicjowanie": konwersja z "double" do "float", możliwa utrata danych
d:\inf\projekty\opengl\gkom_suwnica\gkom_suwnica\gkom_suwnica\main.cpp(168): warning C4101: "nrChannels": lokalna zmienna, do której nie istnieje odwołanie
d:\inf\projekty\opengl\gkom_suwnica\gkom_suwnica\gkom_suwnica\main.cpp(311): warning C4244: "=": konwersja z "double" do "float", możliwa utrata danych
d:\inf\projekty\opengl\gkom_suwnica\gkom_suwnica\gkom_suwnica\main.cpp(312): warning C4244: "=": konwersja z "double" do "float", możliwa utrata danych
d:\inf\projekty\opengl\gkom_suwnica\gkom_suwnica\gkom_suwnica\main.cpp(316): warning C4244: "inicjowanie": konwersja z "double" do "float", możliwa utrata danych
d:\inf\projekty\opengl\gkom_suwnica\gkom_suwnica\gkom_suwnica\main.cpp(317): warning C4244: "inicjowanie": konwersja z "double" do "float", możliwa utrata danych
d:\inf\projekty\opengl\gkom_suwnica\gkom_suwnica\gkom_suwnica\main.cpp(319): warning C4244: "=": konwersja z "double" do "float", możliwa utrata danych
d:\inf\projekty\opengl\gkom_suwnica\gkom_suwnica\gkom_suwnica\main.cpp(320): warning C4244: "=": konwersja z "double" do "float", możliwa utrata danych
d:\inf\projekty\opengl\gkom_suwnica\gkom_suwnica\gkom_suwnica\main.cpp(329): warning C4244: "argument": konwersja z "double" do "float", możliwa utrata danych
  VertexBuffer.cpp
  Generowanie kodu...
LINK : warning LNK4098: domyťlna biblioteka äLIBCMTö powoduje konflikt z innymi bibliotekami; u┐yj opcji /NODEFAULTLIB:biblioteka
LINK : warning LNK4098: domyťlna biblioteka äMSVCRTö powoduje konflikt z innymi bibliotekami; u┐yj opcji /NODEFAULTLIB:biblioteka
IndexBuffer.obj : warning LNK4049: lokalnie zdefiniowany symbol ___glewBindBuffer zosta│ zaimportowany
VertexBuffer.obj : warning LNK4049: lokalnie zdefiniowany symbol ___glewBindBuffer zosta│ zaimportowany
IndexBuffer.obj : warning LNK4049: lokalnie zdefiniowany symbol ___glewBufferData zosta│ zaimportowany
VertexBuffer.obj : warning LNK4049: lokalnie zdefiniowany symbol ___glewBufferData zosta│ zaimportowany
IndexBuffer.obj : warning LNK4049: lokalnie zdefiniowany symbol ___glewDeleteBuffers zosta│ zaimportowany
VertexBuffer.obj : warning LNK4049: lokalnie zdefiniowany symbol ___glewDeleteBuffers zosta│ zaimportowany
IndexBuffer.obj : warning LNK4049: lokalnie zdefiniowany symbol ___glewGenBuffers zosta│ zaimportowany
VertexBuffer.obj : warning LNK4049: lokalnie zdefiniowany symbol ___glewGenBuffers zosta│ zaimportowany
glew32s.lib(glew.obj) : warning LNK4099: nie znaleziono pliku PDB ävc120.pdbö z elementem äglew32s.lib(glew.obj)ö lub w pozycji äD:\inf\projekty\opengl\GKOM_suwnica\GKOM_suwnica\Debug\vc120.pdbö; obiekt zostanie skonsolidowany bez informacji debugowania
  GKOM_suwnica.vcxproj -> D:\inf\projekty\opengl\GKOM_suwnica\GKOM_suwnica\Debug\GKOM_suwnica.exe
